# JRE version: Java(TM) SE Runtime Environment (17.0.8+9) (build 17.0.8+9-LTS-211)
# Java VM: Java HotSpot(TM) 64-Bit Server VM (17.0.8+9-LTS-211, mixed mode, sharing, tiered, compressed oops, compressed class ptrs, g1 gc, windows-amd64)
GC Precious Log:
 CPUs: 4 total, 4 available
 Memory: 7097M
 Large Page Support: Disabled
 NUMA Support: Disabled
 Compressed Oops: Enabled (32-bit)
 Heap Region Size: 1M
 Heap Min Capacity: 256M
 Heap Initial Capacity: 256M
 Heap Max Capacity: 512M
 Pre-touch: Disabled
 Parallel Workers: 4
 Concurrent Workers: 1
 Concurrent Refinement Workers: 4
 Periodic GC: Disabled
Heap:
 garbage-first heap   total 262144K, used 175817K [0x00000000e0000000, 0x0000000100000000)
  region size 1024K, 135 young (138240K), 13 survivors (13312K)
 Metaspace       used 57140K, committed 57984K, reserved 393216K
  class space    used 8143K, committed 8512K, reserved 327680K
GC Heap History (16 events):
Event: 1.676 GC heap before
{Heap before GC invocations=0 (full 0):
 garbage-first heap   total 262144K, used 13312K [0x00000000e0000000, 0x0000000100000000)
  region size 1024K, 13 young (13312K), 0 survivors (0K)
 Metaspace       used 782K, committed 896K, reserved 393216K
  class space    used 60K, committed 128K, reserved 327680K
}
Event: 1.682 GC heap after
{Heap after GC invocations=1 (full 0):
 garbage-first heap   total 262144K, used 1208K [0x00000000e0000000, 0x0000000100000000)
  region size 1024K, 2 young (2048K), 2 survivors (2048K)
 Metaspace       used 782K, committed 896K, reserved 393216K
  class space    used 60K, committed 128K, reserved 327680K
}
Event: 2.768 GC heap before
{Heap before GC invocations=1 (full 0):
 garbage-first heap   total 262144K, used 23736K [0x00000000e0000000, 0x0000000100000000)
  region size 1024K, 21 young (21504K), 2 survivors (2048K)
 Metaspace       used 1885K, committed 2048K, reserved 393216K
  class space    used 176K, committed 256K, reserved 327680K
}
Event: 2.773 GC heap after
{Heap after GC invocations=2 (full 0):
 garbage-first heap   total 262144K, used 10224K [0x00000000e0000000, 0x0000000100000000)
  region size 1024K, 3 young (3072K), 3 survivors (3072K)
 Metaspace       used 1885K, committed 2048K, reserved 393216K
  class space    used 176K, committed 256K, reserved 327680K
}
Event: 8.897 GC heap before
{Heap before GC invocations=2 (full 0):
 garbage-first heap   total 262144K, used 166896K [0x00000000e0000000, 0x0000000100000000)
  region size 1024K, 153 young (156672K), 3 survivors (3072K)
 Metaspace       used 18596K, committed 18944K, reserved 393216K
  class space    used 2492K, committed 2688K, reserved 327680K
}
Event: 8.912 GC heap after
{Heap after GC invocations=3 (full 0):
 garbage-first heap   total 262144K, used 22252K [0x00000000e0000000, 0x0000000100000000)
  region size 1024K, 14 young (14336K), 14 survivors (14336K)
 Metaspace       used 18596K, committed 18944K, reserved 393216K
  class space    used 2492K, committed 2688K, reserved 327680K
}
Event: 9.804 GC heap before
{Heap before GC invocations=3 (full 0):
 garbage-first heap   total 262144K, used 43756K [0x00000000e0000000, 0x0000000100000000)
  region size 1024K, 37 young (37888K), 14 survivors (14336K)
 Metaspace       used 21210K, committed 21504K, reserved 393216K
  class space    used 2934K, committed 3072K, reserved 327680K
}
Event: 9.815 GC heap after
{Heap after GC invocations=4 (full 0):
 garbage-first heap   total 262144K, used 24257K [0x00000000e0000000, 0x0000000100000000)
  region size 1024K, 2 young (2048K), 2 survivors (2048K)
 Metaspace       used 21210K, committed 21504K, reserved 393216K
  class space    used 2934K, committed 3072K, reserved 327680K
}
Event: 13.519 GC heap before
{Heap before GC invocations=5 (full 0):
 garbage-first heap   total 262144K, used 138945K [0x00000000e0000000, 0x0000000100000000)
  region size 1024K, 116 young (118784K), 2 survivors (2048K)
 Metaspace       used 35459K, committed 35968K, reserved 393216K
  class space    used 4985K, committed 5248K, reserved 327680K
}
Event: 13.529 GC heap after
{Heap after GC invocations=6 (full 0):
 garbage-first heap   total 262144K, used 31017K [0x00000000e0000000, 0x0000000100000000)
  region size 1024K, 9 young (9216K), 9 survivors (9216K)
 Metaspace       used 35459K, committed 35968K, reserved 393216K
  class space    used 4985K, committed 5248K, reserved 327680K
}
Event: 17.864 GC heap before
{Heap before GC invocations=7 (full 0):
 garbage-first heap   total 262144K, used 178473K [0x00000000e0000000, 0x0000000100000000)
  region size 1024K, 153 young (156672K), 9 survivors (9216K)
 Metaspace       used 48540K, committed 49280K, reserved 393216K
  class space    used 7051K, committed 7424K, reserved 327680K
}
Event: 17.884 GC heap after
{Heap after GC invocations=8 (full 0):
 garbage-first heap   total 262144K, used 39288K [0x00000000e0000000, 0x0000000100000000)
  region size 1024K, 17 young (17408K), 17 survivors (17408K)
 Metaspace       used 48540K, committed 49280K, reserved 393216K
  class space    used 7051K, committed 7424K, reserved 327680K
}
Event: 17.911 GC heap before
{Heap before GC invocations=8 (full 0):
 garbage-first heap   total 262144K, used 40312K [0x00000000e0000000, 0x0000000100000000)
  region size 1024K, 18 young (18432K), 17 survivors (17408K)
 Metaspace       used 48619K, committed 49344K, reserved 393216K
  class space    used 7064K, committed 7424K, reserved 327680K
}
Event: 17.939 GC heap after
{Heap after GC invocations=9 (full 0):
 garbage-first heap   total 262144K, used 40649K [0x00000000e0000000, 0x0000000100000000)
  region size 1024K, 2 young (2048K), 2 survivors (2048K)
 Metaspace       used 48619K, committed 49344K, reserved 393216K
  class space    used 7064K, committed 7424K, reserved 327680K
}
Event: 27.721 GC heap before
{Heap before GC invocations=9 (full 0):
 garbage-first heap   total 262144K, used 195273K [0x00000000e0000000, 0x0000000100000000)
  region size 1024K, 153 young (156672K), 2 survivors (2048K)
 Metaspace       used 54123K, committed 54912K, reserved 393216K
  class space    used 7693K, committed 8064K, reserved 327680K
}
Event: 27.736 GC heap after
{Heap after GC invocations=10 (full 0):
 garbage-first heap   total 262144K, used 51913K [0x00000000e0000000, 0x0000000100000000)
  region size 1024K, 13 young (13312K), 13 survivors (13312K)
 Metaspace       used 54123K, committed 54912K, reserved 393216K
  class space    used 7693K, committed 8064K, reserved 327680K
}

